2021-jan.-21 17:00:54 DU [AWT-EventQueue-0] ERROR org.hibernate.engine.jdbc.spi.SqlExceptionHelper - Access denied for user 'mgluser'@'localhost' (using password: YES)
2021-jan.-21 17:04:59 DU [AWT-EventQueue-0] ERROR org.hibernate.engine.jdbc.spi.SqlExceptionHelper - Access denied for user 'mgluser'@'localhost' (using password: YES)
2021-jan.-21 17:05:53 DU [AWT-EventQueue-0] ERROR org.hibernate.engine.jdbc.spi.SqlExceptionHelper - Access denied for user 'mgluser'@'localhost' (using password: YES)
2021-jan.-29 06:28:04 DE [AWT-EventQueue-0] ERROR org.hibernate.engine.jdbc.spi.SqlExceptionHelper - Field 'uzemkepes' doesn't have a default value
2021-jan.-29 06:41:15 DE [AWT-EventQueue-0] ERROR org.hibernate.engine.jdbc.spi.SqlExceptionHelper - Field 'uzemkepes' doesn't have a default value
2021-jan.-31 11:02:12 DE [AWT-EventQueue-0] ERROR org.hibernate.engine.jdbc.spi.SqlExceptionHelper - Communications link failure

The last packet sent successfully to the server was 0 milliseconds ago. The driver has not received any packets from the server.
2021-jan.-31 11:05:21 DE [AWT-EventQueue-0] ERROR org.hibernate.engine.jdbc.spi.SqlExceptionHelper - Communications link failure

The last packet sent successfully to the server was 0 milliseconds ago. The driver has not received any packets from the server.
2021-jan.-31 11:07:19 DE [AWT-EventQueue-0] ERROR org.hibernate.engine.jdbc.spi.SqlExceptionHelper - Communications link failure

The last packet sent successfully to the server was 0 milliseconds ago. The driver has not received any packets from the server.
2021-febr.-14 08:53:23 de. [AWT-EventQueue-0] ERROR org.hibernate.hql.internal.ast.ErrorTracker - line 1:71: unexpected token: ORDER
2021-febr.-14 08:53:23 de. [AWT-EventQueue-0] ERROR org.hibernate.hql.internal.ast.ErrorTracker - line 1:71: unexpected token: ORDER
antlr.NoViableAltException: unexpected token: ORDER
	at org.hibernate.hql.internal.antlr.HqlBaseParser.exprList(HqlBaseParser.java:4452) ~[hibernate-core-5.4.20.Final.jar:5.4.20.Final]
	at org.hibernate.hql.internal.antlr.HqlBaseParser.identPrimary(HqlBaseParser.java:4763) ~[hibernate-core-5.4.20.Final.jar:5.4.20.Final]
	at org.hibernate.hql.internal.antlr.HqlBaseParser.primaryExpression(HqlBaseParser.java:1090) ~[hibernate-core-5.4.20.Final.jar:5.4.20.Final]
	at org.hibernate.hql.internal.antlr.HqlBaseParser.atom(HqlBaseParser.java:3866) ~[hibernate-core-5.4.20.Final.jar:5.4.20.Final]
	at org.hibernate.hql.internal.antlr.HqlBaseParser.unaryExpression(HqlBaseParser.java:3703) ~[hibernate-core-5.4.20.Final.jar:5.4.20.Final]
	at org.hibernate.hql.internal.antlr.HqlBaseParser.multiplyExpression(HqlBaseParser.java:3570) ~[hibernate-core-5.4.20.Final.jar:5.4.20.Final]
	at org.hibernate.hql.internal.antlr.HqlBaseParser.additiveExpression(HqlBaseParser.java:3197) ~[hibernate-core-5.4.20.Final.jar:5.4.20.Final]
	at org.hibernate.hql.internal.antlr.HqlBaseParser.concatenation(HqlBaseParser.java:682) ~[hibernate-core-5.4.20.Final.jar:5.4.20.Final]
	at org.hibernate.hql.internal.antlr.HqlBaseParser.relationalExpression(HqlBaseParser.java:2959) ~[hibernate-core-5.4.20.Final.jar:5.4.20.Final]
	at org.hibernate.hql.internal.antlr.HqlBaseParser.equalityExpression(HqlBaseParser.java:2815) ~[hibernate-core-5.4.20.Final.jar:5.4.20.Final]
	at org.hibernate.hql.internal.antlr.HqlBaseParser.negatedExpression(HqlBaseParser.java:2774) ~[hibernate-core-5.4.20.Final.jar:5.4.20.Final]
	at org.hibernate.hql.internal.antlr.HqlBaseParser.logicalAndExpression(HqlBaseParser.java:2685) ~[hibernate-core-5.4.20.Final.jar:5.4.20.Final]
	at org.hibernate.hql.internal.antlr.HqlBaseParser.logicalOrExpression(HqlBaseParser.java:2645) ~[hibernate-core-5.4.20.Final.jar:5.4.20.Final]
	at org.hibernate.hql.internal.antlr.HqlBaseParser.expression(HqlBaseParser.java:2323) ~[hibernate-core-5.4.20.Final.jar:5.4.20.Final]
	at org.hibernate.hql.internal.antlr.HqlBaseParser.aliasedExpression(HqlBaseParser.java:2594) ~[hibernate-core-5.4.20.Final.jar:5.4.20.Final]
	at org.hibernate.hql.internal.antlr.HqlBaseParser.selectedPropertiesList(HqlBaseParser.java:1524) ~[hibernate-core-5.4.20.Final.jar:5.4.20.Final]
	at org.hibernate.hql.internal.antlr.HqlBaseParser.selectClause(HqlBaseParser.java:1417) ~[hibernate-core-5.4.20.Final.jar:5.4.20.Final]
	at org.hibernate.hql.internal.antlr.HqlBaseParser.selectFrom(HqlBaseParser.java:1142) ~[hibernate-core-5.4.20.Final.jar:5.4.20.Final]
	at org.hibernate.hql.internal.antlr.HqlBaseParser.queryRule(HqlBaseParser.java:825) ~[hibernate-core-5.4.20.Final.jar:5.4.20.Final]
	at org.hibernate.hql.internal.antlr.HqlBaseParser.selectStatement(HqlBaseParser.java:336) ~[hibernate-core-5.4.20.Final.jar:5.4.20.Final]
	at org.hibernate.hql.internal.antlr.HqlBaseParser.statement(HqlBaseParser.java:200) ~[hibernate-core-5.4.20.Final.jar:5.4.20.Final]
	at org.hibernate.hql.internal.ast.QueryTranslatorImpl.parse(QueryTranslatorImpl.java:294) ~[hibernate-core-5.4.20.Final.jar:5.4.20.Final]
	at org.hibernate.hql.internal.ast.QueryTranslatorImpl.doCompile(QueryTranslatorImpl.java:189) ~[hibernate-core-5.4.20.Final.jar:5.4.20.Final]
	at org.hibernate.hql.internal.ast.QueryTranslatorImpl.compile(QueryTranslatorImpl.java:144) ~[hibernate-core-5.4.20.Final.jar:5.4.20.Final]
	at org.hibernate.engine.query.spi.HQLQueryPlan.<init>(HQLQueryPlan.java:113) ~[hibernate-core-5.4.20.Final.jar:5.4.20.Final]
	at org.hibernate.engine.query.spi.HQLQueryPlan.<init>(HQLQueryPlan.java:73) ~[hibernate-core-5.4.20.Final.jar:5.4.20.Final]
	at org.hibernate.engine.query.spi.QueryPlanCache.getHQLQueryPlan(QueryPlanCache.java:162) ~[hibernate-core-5.4.20.Final.jar:5.4.20.Final]
	at org.hibernate.internal.AbstractSharedSessionContract.getQueryPlan(AbstractSharedSessionContract.java:604) ~[hibernate-core-5.4.20.Final.jar:5.4.20.Final]
	at org.hibernate.internal.AbstractSharedSessionContract.createQuery(AbstractSharedSessionContract.java:716) ~[hibernate-core-5.4.20.Final.jar:5.4.20.Final]
	at org.hibernate.internal.AbstractSharedSessionContract.createQuery(AbstractSharedSessionContract.java:816) ~[hibernate-core-5.4.20.Final.jar:5.4.20.Final]
	at org.hibernate.internal.AbstractSessionImpl.createQuery(AbstractSessionImpl.java:23) ~[hibernate-core-5.4.20.Final.jar:5.4.20.Final]
	at com.petersoft.mgl.connection.DBConnector.getKarbantartasDTOList(DBConnector.java:306) ~[classes/:?]
	at com.petersoft.mgl.ui.IdoszakiJelentesDialog.lambda$setListeners$2(IdoszakiJelentesDialog.java:104) ~[classes/:?]
	at javax.swing.AbstractButton.fireActionPerformed(AbstractButton.java:1967) ~[?:?]
	at javax.swing.AbstractButton$Handler.actionPerformed(AbstractButton.java:2308) ~[?:?]
	at javax.swing.DefaultButtonModel.fireActionPerformed(DefaultButtonModel.java:405) ~[?:?]
	at javax.swing.DefaultButtonModel.setPressed(DefaultButtonModel.java:262) ~[?:?]
	at javax.swing.plaf.basic.BasicButtonListener.mouseReleased(BasicButtonListener.java:279) ~[?:?]
	at java.awt.Component.processMouseEvent(Component.java:6636) ~[?:?]
	at javax.swing.JComponent.processMouseEvent(JComponent.java:3342) ~[?:?]
	at java.awt.Component.processEvent(Component.java:6401) ~[?:?]
	at java.awt.Container.processEvent(Container.java:2263) ~[?:?]
	at java.awt.Component.dispatchEventImpl(Component.java:5012) ~[?:?]
	at java.awt.Container.dispatchEventImpl(Container.java:2321) ~[?:?]
	at java.awt.Component.dispatchEvent(Component.java:4844) ~[?:?]
	at java.awt.LightweightDispatcher.retargetMouseEvent(Container.java:4918) ~[?:?]
	at java.awt.LightweightDispatcher.processMouseEvent(Container.java:4547) ~[?:?]
	at java.awt.LightweightDispatcher.dispatchEvent(Container.java:4488) ~[?:?]
	at java.awt.Container.dispatchEventImpl(Container.java:2307) ~[?:?]
	at java.awt.Window.dispatchEventImpl(Window.java:2762) ~[?:?]
	at java.awt.Component.dispatchEvent(Component.java:4844) ~[?:?]
	at java.awt.EventQueue.dispatchEventImpl(EventQueue.java:772) ~[?:?]
	at java.awt.EventQueue$4.run(EventQueue.java:721) ~[?:?]
	at java.awt.EventQueue$4.run(EventQueue.java:715) ~[?:?]
	at java.security.AccessController.doPrivileged(AccessController.java:391) [?:?]
	at java.security.ProtectionDomain$JavaSecurityAccessImpl.doIntersectionPrivilege(ProtectionDomain.java:85) ~[?:?]
	at java.security.ProtectionDomain$JavaSecurityAccessImpl.doIntersectionPrivilege(ProtectionDomain.java:95) ~[?:?]
	at java.awt.EventQueue$5.run(EventQueue.java:745) ~[?:?]
	at java.awt.EventQueue$5.run(EventQueue.java:743) ~[?:?]
	at java.security.AccessController.doPrivileged(AccessController.java:391) [?:?]
	at java.security.ProtectionDomain$JavaSecurityAccessImpl.doIntersectionPrivilege(ProtectionDomain.java:85) [?:?]
	at java.awt.EventQueue.dispatchEvent(EventQueue.java:742) [?:?]
	at java.awt.EventDispatchThread.pumpOneEventForFilters(EventDispatchThread.java:203) [?:?]
	at java.awt.EventDispatchThread.pumpEventsForFilter(EventDispatchThread.java:124) [?:?]
	at java.awt.EventDispatchThread.pumpEventsForHierarchy(EventDispatchThread.java:113) [?:?]
	at java.awt.EventDispatchThread.pumpEvents(EventDispatchThread.java:109) [?:?]
	at java.awt.EventDispatchThread.pumpEvents(EventDispatchThread.java:101) [?:?]
	at java.awt.EventDispatchThread.run(EventDispatchThread.java:90) [?:?]
2021-febr.-14 08:59:41 de. [AWT-EventQueue-0] ERROR org.hibernate.hql.internal.ast.ErrorTracker - line 1:65: unexpected token: ORDER
2021-febr.-14 08:59:41 de. [AWT-EventQueue-0] ERROR org.hibernate.hql.internal.ast.ErrorTracker - line 1:65: unexpected token: ORDER
antlr.NoViableAltException: unexpected token: ORDER
	at org.hibernate.hql.internal.antlr.HqlBaseParser.exprList(HqlBaseParser.java:4452) ~[hibernate-core-5.4.20.Final.jar:5.4.20.Final]
	at org.hibernate.hql.internal.antlr.HqlBaseParser.identPrimary(HqlBaseParser.java:4763) ~[hibernate-core-5.4.20.Final.jar:5.4.20.Final]
	at org.hibernate.hql.internal.antlr.HqlBaseParser.primaryExpression(HqlBaseParser.java:1090) ~[hibernate-core-5.4.20.Final.jar:5.4.20.Final]
	at org.hibernate.hql.internal.antlr.HqlBaseParser.atom(HqlBaseParser.java:3866) ~[hibernate-core-5.4.20.Final.jar:5.4.20.Final]
	at org.hibernate.hql.internal.antlr.HqlBaseParser.unaryExpression(HqlBaseParser.java:3703) ~[hibernate-core-5.4.20.Final.jar:5.4.20.Final]
	at org.hibernate.hql.internal.antlr.HqlBaseParser.multiplyExpression(HqlBaseParser.java:3570) ~[hibernate-core-5.4.20.Final.jar:5.4.20.Final]
	at org.hibernate.hql.internal.antlr.HqlBaseParser.additiveExpression(HqlBaseParser.java:3197) ~[hibernate-core-5.4.20.Final.jar:5.4.20.Final]
	at org.hibernate.hql.internal.antlr.HqlBaseParser.concatenation(HqlBaseParser.java:682) ~[hibernate-core-5.4.20.Final.jar:5.4.20.Final]
	at org.hibernate.hql.internal.antlr.HqlBaseParser.relationalExpression(HqlBaseParser.java:2959) ~[hibernate-core-5.4.20.Final.jar:5.4.20.Final]
	at org.hibernate.hql.internal.antlr.HqlBaseParser.equalityExpression(HqlBaseParser.java:2815) ~[hibernate-core-5.4.20.Final.jar:5.4.20.Final]
	at org.hibernate.hql.internal.antlr.HqlBaseParser.negatedExpression(HqlBaseParser.java:2774) ~[hibernate-core-5.4.20.Final.jar:5.4.20.Final]
	at org.hibernate.hql.internal.antlr.HqlBaseParser.logicalAndExpression(HqlBaseParser.java:2685) ~[hibernate-core-5.4.20.Final.jar:5.4.20.Final]
	at org.hibernate.hql.internal.antlr.HqlBaseParser.logicalOrExpression(HqlBaseParser.java:2645) ~[hibernate-core-5.4.20.Final.jar:5.4.20.Final]
	at org.hibernate.hql.internal.antlr.HqlBaseParser.expression(HqlBaseParser.java:2323) ~[hibernate-core-5.4.20.Final.jar:5.4.20.Final]
	at org.hibernate.hql.internal.antlr.HqlBaseParser.aliasedExpression(HqlBaseParser.java:2594) ~[hibernate-core-5.4.20.Final.jar:5.4.20.Final]
	at org.hibernate.hql.internal.antlr.HqlBaseParser.selectedPropertiesList(HqlBaseParser.java:1524) ~[hibernate-core-5.4.20.Final.jar:5.4.20.Final]
	at org.hibernate.hql.internal.antlr.HqlBaseParser.selectClause(HqlBaseParser.java:1417) ~[hibernate-core-5.4.20.Final.jar:5.4.20.Final]
	at org.hibernate.hql.internal.antlr.HqlBaseParser.selectFrom(HqlBaseParser.java:1142) ~[hibernate-core-5.4.20.Final.jar:5.4.20.Final]
	at org.hibernate.hql.internal.antlr.HqlBaseParser.queryRule(HqlBaseParser.java:825) ~[hibernate-core-5.4.20.Final.jar:5.4.20.Final]
	at org.hibernate.hql.internal.antlr.HqlBaseParser.selectStatement(HqlBaseParser.java:336) ~[hibernate-core-5.4.20.Final.jar:5.4.20.Final]
	at org.hibernate.hql.internal.antlr.HqlBaseParser.statement(HqlBaseParser.java:200) ~[hibernate-core-5.4.20.Final.jar:5.4.20.Final]
	at org.hibernate.hql.internal.ast.QueryTranslatorImpl.parse(QueryTranslatorImpl.java:294) ~[hibernate-core-5.4.20.Final.jar:5.4.20.Final]
	at org.hibernate.hql.internal.ast.QueryTranslatorImpl.doCompile(QueryTranslatorImpl.java:189) ~[hibernate-core-5.4.20.Final.jar:5.4.20.Final]
	at org.hibernate.hql.internal.ast.QueryTranslatorImpl.compile(QueryTranslatorImpl.java:144) ~[hibernate-core-5.4.20.Final.jar:5.4.20.Final]
	at org.hibernate.engine.query.spi.HQLQueryPlan.<init>(HQLQueryPlan.java:113) ~[hibernate-core-5.4.20.Final.jar:5.4.20.Final]
	at org.hibernate.engine.query.spi.HQLQueryPlan.<init>(HQLQueryPlan.java:73) ~[hibernate-core-5.4.20.Final.jar:5.4.20.Final]
	at org.hibernate.engine.query.spi.QueryPlanCache.getHQLQueryPlan(QueryPlanCache.java:162) ~[hibernate-core-5.4.20.Final.jar:5.4.20.Final]
	at org.hibernate.internal.AbstractSharedSessionContract.getQueryPlan(AbstractSharedSessionContract.java:604) ~[hibernate-core-5.4.20.Final.jar:5.4.20.Final]
	at org.hibernate.internal.AbstractSharedSessionContract.createQuery(AbstractSharedSessionContract.java:716) ~[hibernate-core-5.4.20.Final.jar:5.4.20.Final]
	at org.hibernate.internal.AbstractSharedSessionContract.createQuery(AbstractSharedSessionContract.java:816) ~[hibernate-core-5.4.20.Final.jar:5.4.20.Final]
	at org.hibernate.internal.AbstractSessionImpl.createQuery(AbstractSessionImpl.java:23) ~[hibernate-core-5.4.20.Final.jar:5.4.20.Final]
	at com.petersoft.mgl.connection.DBConnector.getKarbantartasDTOList(DBConnector.java:306) ~[classes/:?]
	at com.petersoft.mgl.ui.IdoszakiJelentesDialog.lambda$setListeners$2(IdoszakiJelentesDialog.java:104) ~[classes/:?]
	at javax.swing.AbstractButton.fireActionPerformed(AbstractButton.java:1967) ~[?:?]
	at javax.swing.AbstractButton$Handler.actionPerformed(AbstractButton.java:2308) ~[?:?]
	at javax.swing.DefaultButtonModel.fireActionPerformed(DefaultButtonModel.java:405) ~[?:?]
	at javax.swing.DefaultButtonModel.setPressed(DefaultButtonModel.java:262) ~[?:?]
	at javax.swing.plaf.basic.BasicButtonListener.mouseReleased(BasicButtonListener.java:279) ~[?:?]
	at java.awt.Component.processMouseEvent(Component.java:6636) ~[?:?]
	at javax.swing.JComponent.processMouseEvent(JComponent.java:3342) ~[?:?]
	at java.awt.Component.processEvent(Component.java:6401) ~[?:?]
	at java.awt.Container.processEvent(Container.java:2263) ~[?:?]
	at java.awt.Component.dispatchEventImpl(Component.java:5012) ~[?:?]
	at java.awt.Container.dispatchEventImpl(Container.java:2321) ~[?:?]
	at java.awt.Component.dispatchEvent(Component.java:4844) ~[?:?]
	at java.awt.LightweightDispatcher.retargetMouseEvent(Container.java:4918) ~[?:?]
	at java.awt.LightweightDispatcher.processMouseEvent(Container.java:4547) ~[?:?]
	at java.awt.LightweightDispatcher.dispatchEvent(Container.java:4488) ~[?:?]
	at java.awt.Container.dispatchEventImpl(Container.java:2307) ~[?:?]
	at java.awt.Window.dispatchEventImpl(Window.java:2762) ~[?:?]
	at java.awt.Component.dispatchEvent(Component.java:4844) ~[?:?]
	at java.awt.EventQueue.dispatchEventImpl(EventQueue.java:772) ~[?:?]
	at java.awt.EventQueue$4.run(EventQueue.java:721) ~[?:?]
	at java.awt.EventQueue$4.run(EventQueue.java:715) ~[?:?]
	at java.security.AccessController.doPrivileged(AccessController.java:391) [?:?]
	at java.security.ProtectionDomain$JavaSecurityAccessImpl.doIntersectionPrivilege(ProtectionDomain.java:85) ~[?:?]
	at java.security.ProtectionDomain$JavaSecurityAccessImpl.doIntersectionPrivilege(ProtectionDomain.java:95) ~[?:?]
	at java.awt.EventQueue$5.run(EventQueue.java:745) ~[?:?]
	at java.awt.EventQueue$5.run(EventQueue.java:743) ~[?:?]
	at java.security.AccessController.doPrivileged(AccessController.java:391) [?:?]
	at java.security.ProtectionDomain$JavaSecurityAccessImpl.doIntersectionPrivilege(ProtectionDomain.java:85) [?:?]
	at java.awt.EventQueue.dispatchEvent(EventQueue.java:742) [?:?]
	at java.awt.EventDispatchThread.pumpOneEventForFilters(EventDispatchThread.java:203) [?:?]
	at java.awt.EventDispatchThread.pumpEventsForFilter(EventDispatchThread.java:124) [?:?]
	at java.awt.EventDispatchThread.pumpEventsForHierarchy(EventDispatchThread.java:113) [?:?]
	at java.awt.EventDispatchThread.pumpEvents(EventDispatchThread.java:109) [?:?]
	at java.awt.EventDispatchThread.pumpEvents(EventDispatchThread.java:101) [?:?]
	at java.awt.EventDispatchThread.run(EventDispatchThread.java:90) [?:?]
2021-febr.-14 09:00:54 de. [AWT-EventQueue-0] ERROR org.hibernate.hql.internal.ast.ErrorTracker - line 1:65: unexpected token: SEPARATOR
2021-febr.-14 09:00:54 de. [AWT-EventQueue-0] ERROR org.hibernate.hql.internal.ast.ErrorTracker - line 1:65: unexpected token: SEPARATOR
antlr.NoViableAltException: unexpected token: SEPARATOR
	at org.hibernate.hql.internal.antlr.HqlBaseParser.exprList(HqlBaseParser.java:4452) ~[hibernate-core-5.4.20.Final.jar:5.4.20.Final]
	at org.hibernate.hql.internal.antlr.HqlBaseParser.identPrimary(HqlBaseParser.java:4763) ~[hibernate-core-5.4.20.Final.jar:5.4.20.Final]
	at org.hibernate.hql.internal.antlr.HqlBaseParser.primaryExpression(HqlBaseParser.java:1090) ~[hibernate-core-5.4.20.Final.jar:5.4.20.Final]
	at org.hibernate.hql.internal.antlr.HqlBaseParser.atom(HqlBaseParser.java:3866) ~[hibernate-core-5.4.20.Final.jar:5.4.20.Final]
	at org.hibernate.hql.internal.antlr.HqlBaseParser.unaryExpression(HqlBaseParser.java:3703) ~[hibernate-core-5.4.20.Final.jar:5.4.20.Final]
	at org.hibernate.hql.internal.antlr.HqlBaseParser.multiplyExpression(HqlBaseParser.java:3570) ~[hibernate-core-5.4.20.Final.jar:5.4.20.Final]
	at org.hibernate.hql.internal.antlr.HqlBaseParser.additiveExpression(HqlBaseParser.java:3197) ~[hibernate-core-5.4.20.Final.jar:5.4.20.Final]
	at org.hibernate.hql.internal.antlr.HqlBaseParser.concatenation(HqlBaseParser.java:682) ~[hibernate-core-5.4.20.Final.jar:5.4.20.Final]
	at org.hibernate.hql.internal.antlr.HqlBaseParser.relationalExpression(HqlBaseParser.java:2959) ~[hibernate-core-5.4.20.Final.jar:5.4.20.Final]
	at org.hibernate.hql.internal.antlr.HqlBaseParser.equalityExpression(HqlBaseParser.java:2815) ~[hibernate-core-5.4.20.Final.jar:5.4.20.Final]
	at org.hibernate.hql.internal.antlr.HqlBaseParser.negatedExpression(HqlBaseParser.java:2774) ~[hibernate-core-5.4.20.Final.jar:5.4.20.Final]
	at org.hibernate.hql.internal.antlr.HqlBaseParser.logicalAndExpression(HqlBaseParser.java:2685) ~[hibernate-core-5.4.20.Final.jar:5.4.20.Final]
	at org.hibernate.hql.internal.antlr.HqlBaseParser.logicalOrExpression(HqlBaseParser.java:2645) ~[hibernate-core-5.4.20.Final.jar:5.4.20.Final]
	at org.hibernate.hql.internal.antlr.HqlBaseParser.expression(HqlBaseParser.java:2323) ~[hibernate-core-5.4.20.Final.jar:5.4.20.Final]
	at org.hibernate.hql.internal.antlr.HqlBaseParser.aliasedExpression(HqlBaseParser.java:2594) ~[hibernate-core-5.4.20.Final.jar:5.4.20.Final]
	at org.hibernate.hql.internal.antlr.HqlBaseParser.selectedPropertiesList(HqlBaseParser.java:1524) ~[hibernate-core-5.4.20.Final.jar:5.4.20.Final]
	at org.hibernate.hql.internal.antlr.HqlBaseParser.selectClause(HqlBaseParser.java:1417) ~[hibernate-core-5.4.20.Final.jar:5.4.20.Final]
	at org.hibernate.hql.internal.antlr.HqlBaseParser.selectFrom(HqlBaseParser.java:1142) ~[hibernate-core-5.4.20.Final.jar:5.4.20.Final]
	at org.hibernate.hql.internal.antlr.HqlBaseParser.queryRule(HqlBaseParser.java:825) ~[hibernate-core-5.4.20.Final.jar:5.4.20.Final]
	at org.hibernate.hql.internal.antlr.HqlBaseParser.selectStatement(HqlBaseParser.java:336) ~[hibernate-core-5.4.20.Final.jar:5.4.20.Final]
	at org.hibernate.hql.internal.antlr.HqlBaseParser.statement(HqlBaseParser.java:200) ~[hibernate-core-5.4.20.Final.jar:5.4.20.Final]
	at org.hibernate.hql.internal.ast.QueryTranslatorImpl.parse(QueryTranslatorImpl.java:294) ~[hibernate-core-5.4.20.Final.jar:5.4.20.Final]
	at org.hibernate.hql.internal.ast.QueryTranslatorImpl.doCompile(QueryTranslatorImpl.java:189) ~[hibernate-core-5.4.20.Final.jar:5.4.20.Final]
	at org.hibernate.hql.internal.ast.QueryTranslatorImpl.compile(QueryTranslatorImpl.java:144) ~[hibernate-core-5.4.20.Final.jar:5.4.20.Final]
	at org.hibernate.engine.query.spi.HQLQueryPlan.<init>(HQLQueryPlan.java:113) ~[hibernate-core-5.4.20.Final.jar:5.4.20.Final]
	at org.hibernate.engine.query.spi.HQLQueryPlan.<init>(HQLQueryPlan.java:73) ~[hibernate-core-5.4.20.Final.jar:5.4.20.Final]
	at org.hibernate.engine.query.spi.QueryPlanCache.getHQLQueryPlan(QueryPlanCache.java:162) ~[hibernate-core-5.4.20.Final.jar:5.4.20.Final]
	at org.hibernate.internal.AbstractSharedSessionContract.getQueryPlan(AbstractSharedSessionContract.java:604) ~[hibernate-core-5.4.20.Final.jar:5.4.20.Final]
	at org.hibernate.internal.AbstractSharedSessionContract.createQuery(AbstractSharedSessionContract.java:716) ~[hibernate-core-5.4.20.Final.jar:5.4.20.Final]
	at org.hibernate.internal.AbstractSharedSessionContract.createQuery(AbstractSharedSessionContract.java:816) ~[hibernate-core-5.4.20.Final.jar:5.4.20.Final]
	at org.hibernate.internal.AbstractSessionImpl.createQuery(AbstractSessionImpl.java:23) ~[hibernate-core-5.4.20.Final.jar:5.4.20.Final]
	at com.petersoft.mgl.connection.DBConnector.getKarbantartasDTOList(DBConnector.java:306) ~[classes/:?]
	at com.petersoft.mgl.ui.IdoszakiJelentesDialog.lambda$setListeners$2(IdoszakiJelentesDialog.java:104) ~[classes/:?]
	at javax.swing.AbstractButton.fireActionPerformed(AbstractButton.java:1967) ~[?:?]
	at javax.swing.AbstractButton$Handler.actionPerformed(AbstractButton.java:2308) ~[?:?]
	at javax.swing.DefaultButtonModel.fireActionPerformed(DefaultButtonModel.java:405) ~[?:?]
	at javax.swing.DefaultButtonModel.setPressed(DefaultButtonModel.java:262) ~[?:?]
	at javax.swing.plaf.basic.BasicButtonListener.mouseReleased(BasicButtonListener.java:279) ~[?:?]
	at java.awt.Component.processMouseEvent(Component.java:6636) ~[?:?]
	at javax.swing.JComponent.processMouseEvent(JComponent.java:3342) ~[?:?]
	at java.awt.Component.processEvent(Component.java:6401) ~[?:?]
	at java.awt.Container.processEvent(Container.java:2263) ~[?:?]
	at java.awt.Component.dispatchEventImpl(Component.java:5012) ~[?:?]
	at java.awt.Container.dispatchEventImpl(Container.java:2321) ~[?:?]
	at java.awt.Component.dispatchEvent(Component.java:4844) ~[?:?]
	at java.awt.LightweightDispatcher.retargetMouseEvent(Container.java:4918) ~[?:?]
	at java.awt.LightweightDispatcher.processMouseEvent(Container.java:4547) ~[?:?]
	at java.awt.LightweightDispatcher.dispatchEvent(Container.java:4488) ~[?:?]
	at java.awt.Container.dispatchEventImpl(Container.java:2307) ~[?:?]
	at java.awt.Window.dispatchEventImpl(Window.java:2762) ~[?:?]
	at java.awt.Component.dispatchEvent(Component.java:4844) ~[?:?]
	at java.awt.EventQueue.dispatchEventImpl(EventQueue.java:772) ~[?:?]
	at java.awt.EventQueue$4.run(EventQueue.java:721) ~[?:?]
	at java.awt.EventQueue$4.run(EventQueue.java:715) ~[?:?]
	at java.security.AccessController.doPrivileged(AccessController.java:391) [?:?]
	at java.security.ProtectionDomain$JavaSecurityAccessImpl.doIntersectionPrivilege(ProtectionDomain.java:85) ~[?:?]
	at java.security.ProtectionDomain$JavaSecurityAccessImpl.doIntersectionPrivilege(ProtectionDomain.java:95) ~[?:?]
	at java.awt.EventQueue$5.run(EventQueue.java:745) ~[?:?]
	at java.awt.EventQueue$5.run(EventQueue.java:743) ~[?:?]
	at java.security.AccessController.doPrivileged(AccessController.java:391) [?:?]
	at java.security.ProtectionDomain$JavaSecurityAccessImpl.doIntersectionPrivilege(ProtectionDomain.java:85) [?:?]
	at java.awt.EventQueue.dispatchEvent(EventQueue.java:742) [?:?]
	at java.awt.EventDispatchThread.pumpOneEventForFilters(EventDispatchThread.java:203) [?:?]
	at java.awt.EventDispatchThread.pumpEventsForFilter(EventDispatchThread.java:124) [?:?]
	at java.awt.EventDispatchThread.pumpEventsForHierarchy(EventDispatchThread.java:113) [?:?]
	at java.awt.EventDispatchThread.pumpEvents(EventDispatchThread.java:109) [?:?]
	at java.awt.EventDispatchThread.pumpEvents(EventDispatchThread.java:101) [?:?]
	at java.awt.EventDispatchThread.run(EventDispatchThread.java:90) [?:?]
2021-febr.-14 09:08:21 de. [AWT-EventQueue-0] ERROR org.hibernate.engine.jdbc.spi.SqlExceptionHelper - In aggregated query without GROUP BY, expression #1 of SELECT list contains nonaggregated column 'mgl2020.k.karbantartasDatum'; this is incompatible with sql_mode=only_full_group_by
2021-febr.-14 09:09:40 de. [AWT-EventQueue-0] ERROR org.hibernate.engine.jdbc.spi.SqlExceptionHelper - Column 'karbantartasId' not found.
2021-febr.-14 09:11:29 de. [AWT-EventQueue-0] ERROR org.hibernate.engine.jdbc.spi.SqlExceptionHelper - Expression #1 of SELECT list is not in GROUP BY clause and contains nonaggregated column 'mgl2020.k.karbantartasId' which is not functionally dependent on columns in GROUP BY clause; this is incompatible with sql_mode=only_full_group_by
2021-febr.-14 09:29:57 de. [AWT-EventQueue-0] ERROR org.hibernate.engine.jdbc.spi.SqlExceptionHelper - Column 'karbantartasId' not found.
2021-febr.-14 09:30:46 de. [AWT-EventQueue-0] ERROR org.hibernate.engine.jdbc.spi.SqlExceptionHelper - Column 'karbantartasId' not found.
2021-febr.-14 09:32:38 de. [AWT-EventQueue-0] ERROR org.hibernate.engine.jdbc.spi.SqlExceptionHelper - Expression #1 of SELECT list is not in GROUP BY clause and contains nonaggregated column 'mgl2020.k.karbantartasId' which is not functionally dependent on columns in GROUP BY clause; this is incompatible with sql_mode=only_full_group_by
2021-febr.-14 09:33:36 de. [AWT-EventQueue-0] ERROR org.hibernate.engine.jdbc.spi.SqlExceptionHelper - Column 'creationDateTime' not found.
2021-febr.-14 09:35:14 de. [AWT-EventQueue-0] ERROR org.hibernate.hql.internal.ast.ErrorTracker - line 1:89: unexpected token: SEPARATOR
2021-febr.-14 09:35:14 de. [AWT-EventQueue-0] ERROR org.hibernate.hql.internal.ast.ErrorTracker - line 1:89: unexpected token: SEPARATOR
antlr.NoViableAltException: unexpected token: SEPARATOR
	at org.hibernate.hql.internal.antlr.HqlBaseParser.exprList(HqlBaseParser.java:4452) ~[hibernate-core-5.4.20.Final.jar:5.4.20.Final]
	at org.hibernate.hql.internal.antlr.HqlBaseParser.identPrimary(HqlBaseParser.java:4763) ~[hibernate-core-5.4.20.Final.jar:5.4.20.Final]
	at org.hibernate.hql.internal.antlr.HqlBaseParser.primaryExpression(HqlBaseParser.java:1090) ~[hibernate-core-5.4.20.Final.jar:5.4.20.Final]
	at org.hibernate.hql.internal.antlr.HqlBaseParser.atom(HqlBaseParser.java:3866) ~[hibernate-core-5.4.20.Final.jar:5.4.20.Final]
	at org.hibernate.hql.internal.antlr.HqlBaseParser.unaryExpression(HqlBaseParser.java:3703) ~[hibernate-core-5.4.20.Final.jar:5.4.20.Final]
	at org.hibernate.hql.internal.antlr.HqlBaseParser.multiplyExpression(HqlBaseParser.java:3570) ~[hibernate-core-5.4.20.Final.jar:5.4.20.Final]
	at org.hibernate.hql.internal.antlr.HqlBaseParser.additiveExpression(HqlBaseParser.java:3197) ~[hibernate-core-5.4.20.Final.jar:5.4.20.Final]
	at org.hibernate.hql.internal.antlr.HqlBaseParser.concatenation(HqlBaseParser.java:682) ~[hibernate-core-5.4.20.Final.jar:5.4.20.Final]
	at org.hibernate.hql.internal.antlr.HqlBaseParser.relationalExpression(HqlBaseParser.java:2959) ~[hibernate-core-5.4.20.Final.jar:5.4.20.Final]
	at org.hibernate.hql.internal.antlr.HqlBaseParser.equalityExpression(HqlBaseParser.java:2815) ~[hibernate-core-5.4.20.Final.jar:5.4.20.Final]
	at org.hibernate.hql.internal.antlr.HqlBaseParser.negatedExpression(HqlBaseParser.java:2774) ~[hibernate-core-5.4.20.Final.jar:5.4.20.Final]
	at org.hibernate.hql.internal.antlr.HqlBaseParser.logicalAndExpression(HqlBaseParser.java:2685) ~[hibernate-core-5.4.20.Final.jar:5.4.20.Final]
	at org.hibernate.hql.internal.antlr.HqlBaseParser.logicalOrExpression(HqlBaseParser.java:2645) ~[hibernate-core-5.4.20.Final.jar:5.4.20.Final]
	at org.hibernate.hql.internal.antlr.HqlBaseParser.expression(HqlBaseParser.java:2323) ~[hibernate-core-5.4.20.Final.jar:5.4.20.Final]
	at org.hibernate.hql.internal.antlr.HqlBaseParser.aliasedExpression(HqlBaseParser.java:2594) ~[hibernate-core-5.4.20.Final.jar:5.4.20.Final]
	at org.hibernate.hql.internal.antlr.HqlBaseParser.selectedPropertiesList(HqlBaseParser.java:1524) ~[hibernate-core-5.4.20.Final.jar:5.4.20.Final]
	at org.hibernate.hql.internal.antlr.HqlBaseParser.selectClause(HqlBaseParser.java:1417) ~[hibernate-core-5.4.20.Final.jar:5.4.20.Final]
	at org.hibernate.hql.internal.antlr.HqlBaseParser.selectFrom(HqlBaseParser.java:1142) ~[hibernate-core-5.4.20.Final.jar:5.4.20.Final]
	at org.hibernate.hql.internal.antlr.HqlBaseParser.queryRule(HqlBaseParser.java:825) ~[hibernate-core-5.4.20.Final.jar:5.4.20.Final]
	at org.hibernate.hql.internal.antlr.HqlBaseParser.selectStatement(HqlBaseParser.java:336) ~[hibernate-core-5.4.20.Final.jar:5.4.20.Final]
	at org.hibernate.hql.internal.antlr.HqlBaseParser.statement(HqlBaseParser.java:200) ~[hibernate-core-5.4.20.Final.jar:5.4.20.Final]
	at org.hibernate.hql.internal.ast.QueryTranslatorImpl.parse(QueryTranslatorImpl.java:294) ~[hibernate-core-5.4.20.Final.jar:5.4.20.Final]
	at org.hibernate.hql.internal.ast.QueryTranslatorImpl.doCompile(QueryTranslatorImpl.java:189) ~[hibernate-core-5.4.20.Final.jar:5.4.20.Final]
	at org.hibernate.hql.internal.ast.QueryTranslatorImpl.compile(QueryTranslatorImpl.java:144) ~[hibernate-core-5.4.20.Final.jar:5.4.20.Final]
	at org.hibernate.engine.query.spi.HQLQueryPlan.<init>(HQLQueryPlan.java:113) ~[hibernate-core-5.4.20.Final.jar:5.4.20.Final]
	at org.hibernate.engine.query.spi.HQLQueryPlan.<init>(HQLQueryPlan.java:73) ~[hibernate-core-5.4.20.Final.jar:5.4.20.Final]
	at org.hibernate.engine.query.spi.QueryPlanCache.getHQLQueryPlan(QueryPlanCache.java:162) ~[hibernate-core-5.4.20.Final.jar:5.4.20.Final]
	at org.hibernate.internal.AbstractSharedSessionContract.getQueryPlan(AbstractSharedSessionContract.java:604) ~[hibernate-core-5.4.20.Final.jar:5.4.20.Final]
	at org.hibernate.internal.AbstractSharedSessionContract.createQuery(AbstractSharedSessionContract.java:716) ~[hibernate-core-5.4.20.Final.jar:5.4.20.Final]
	at org.hibernate.internal.AbstractSharedSessionContract.createQuery(AbstractSharedSessionContract.java:816) ~[hibernate-core-5.4.20.Final.jar:5.4.20.Final]
	at org.hibernate.internal.AbstractSessionImpl.createQuery(AbstractSessionImpl.java:23) ~[hibernate-core-5.4.20.Final.jar:5.4.20.Final]
	at com.petersoft.mgl.connection.DBConnector.getKarbantartasDTOList(DBConnector.java:306) ~[classes/:?]
	at com.petersoft.mgl.ui.IdoszakiJelentesDialog.lambda$setListeners$2(IdoszakiJelentesDialog.java:104) ~[classes/:?]
	at javax.swing.AbstractButton.fireActionPerformed(AbstractButton.java:1967) ~[?:?]
	at javax.swing.AbstractButton$Handler.actionPerformed(AbstractButton.java:2308) ~[?:?]
	at javax.swing.DefaultButtonModel.fireActionPerformed(DefaultButtonModel.java:405) ~[?:?]
	at javax.swing.DefaultButtonModel.setPressed(DefaultButtonModel.java:262) ~[?:?]
	at javax.swing.plaf.basic.BasicButtonListener.mouseReleased(BasicButtonListener.java:279) ~[?:?]
	at java.awt.Component.processMouseEvent(Component.java:6636) ~[?:?]
	at javax.swing.JComponent.processMouseEvent(JComponent.java:3342) ~[?:?]
	at java.awt.Component.processEvent(Component.java:6401) ~[?:?]
	at java.awt.Container.processEvent(Container.java:2263) ~[?:?]
	at java.awt.Component.dispatchEventImpl(Component.java:5012) ~[?:?]
	at java.awt.Container.dispatchEventImpl(Container.java:2321) ~[?:?]
	at java.awt.Component.dispatchEvent(Component.java:4844) ~[?:?]
	at java.awt.LightweightDispatcher.retargetMouseEvent(Container.java:4918) ~[?:?]
	at java.awt.LightweightDispatcher.processMouseEvent(Container.java:4547) ~[?:?]
	at java.awt.LightweightDispatcher.dispatchEvent(Container.java:4488) ~[?:?]
	at java.awt.Container.dispatchEventImpl(Container.java:2307) ~[?:?]
	at java.awt.Window.dispatchEventImpl(Window.java:2762) ~[?:?]
	at java.awt.Component.dispatchEvent(Component.java:4844) ~[?:?]
	at java.awt.EventQueue.dispatchEventImpl(EventQueue.java:772) ~[?:?]
	at java.awt.EventQueue$4.run(EventQueue.java:721) ~[?:?]
	at java.awt.EventQueue$4.run(EventQueue.java:715) ~[?:?]
	at java.security.AccessController.doPrivileged(AccessController.java:391) [?:?]
	at java.security.ProtectionDomain$JavaSecurityAccessImpl.doIntersectionPrivilege(ProtectionDomain.java:85) ~[?:?]
	at java.security.ProtectionDomain$JavaSecurityAccessImpl.doIntersectionPrivilege(ProtectionDomain.java:95) ~[?:?]
	at java.awt.EventQueue$5.run(EventQueue.java:745) ~[?:?]
	at java.awt.EventQueue$5.run(EventQueue.java:743) ~[?:?]
	at java.security.AccessController.doPrivileged(AccessController.java:391) [?:?]
	at java.security.ProtectionDomain$JavaSecurityAccessImpl.doIntersectionPrivilege(ProtectionDomain.java:85) [?:?]
	at java.awt.EventQueue.dispatchEvent(EventQueue.java:742) [?:?]
	at java.awt.EventDispatchThread.pumpOneEventForFilters(EventDispatchThread.java:203) [?:?]
	at java.awt.EventDispatchThread.pumpEventsForFilter(EventDispatchThread.java:124) [?:?]
	at java.awt.EventDispatchThread.pumpEventsForHierarchy(EventDispatchThread.java:113) [?:?]
	at java.awt.EventDispatchThread.pumpEvents(EventDispatchThread.java:109) [?:?]
	at java.awt.EventDispatchThread.pumpEvents(EventDispatchThread.java:101) [?:?]
	at java.awt.EventDispatchThread.run(EventDispatchThread.java:90) [?:?]
2021-febr.-14 10:49:35 de. [AWT-EventQueue-0] ERROR org.hibernate.engine.jdbc.spi.SqlExceptionHelper - Column 'creationDateTime' not found.
2021-febr.-14 10:50:18 de. [AWT-EventQueue-0] ERROR org.hibernate.engine.jdbc.spi.SqlExceptionHelper - Unknown column 'k' in 'field list'
2021-febr.-14 10:51:39 de. [AWT-EventQueue-0] ERROR org.hibernate.engine.jdbc.spi.SqlExceptionHelper - Column 'elvegezve' not found.
2021-febr.-14 10:52:30 de. [AWT-EventQueue-0] ERROR org.hibernate.engine.jdbc.spi.SqlExceptionHelper - Column 'karbTipusId' not found.
2021-febr.-14 11:00:47 de. [AWT-EventQueue-0] ERROR org.hibernate.engine.jdbc.spi.SqlExceptionHelper - Can't group on 'KarbTipus'
2021-febr.-14 11:02:07 de. [AWT-EventQueue-0] ERROR org.hibernate.engine.jdbc.spi.SqlExceptionHelper - Expression #1 of SELECT list is not in GROUP BY clause and contains nonaggregated column 'mgl2020.k.karbantartasId' which is not functionally dependent on columns in GROUP BY clause; this is incompatible with sql_mode=only_full_group_by
2021-febr.-14 11:04:09 de. [AWT-EventQueue-0] ERROR org.hibernate.engine.jdbc.spi.SqlExceptionHelper - Expression #1 of SELECT list is not in GROUP BY clause and contains nonaggregated column 'mgl2020.k.karbantartasId' which is not functionally dependent on columns in GROUP BY clause; this is incompatible with sql_mode=only_full_group_by
2021-febr.-14 11:05:02 de. [AWT-EventQueue-0] ERROR org.hibernate.engine.jdbc.spi.SqlExceptionHelper - Expression #1 of SELECT list is not in GROUP BY clause and contains nonaggregated column 'mgl2020.k.karbantartasId' which is not functionally dependent on columns in GROUP BY clause; this is incompatible with sql_mode=only_full_group_by
